<!DOCTYPE html PUBLIC "-//W3C//DTD XHTML 1.1//EN" "https://www.w3.org/TR/xhtml11/DTD/xhtml11.dtd">
<html xmlns="https://www.w3.org/1999/xhtml">
<head>
<meta http-equiv="content-type" content="text/html; charset=UTF-8"/>
<title>TestNG Report</title>
<style type="text/css">table {margin-bottom:10px;border-collapse:collapse;empty-cells:show}th,td {border:1px solid #009;padding:.25em .5em}th {vertical-align:bottom}td {vertical-align:top}table a {font-weight:bold}.stripe td {background-color: #E6EBF9}.num {text-align:right}.passedodd td {background-color: #3F3}.passedeven td {background-color: #0A0}.skippedodd td {background-color: #DDD}.skippedeven td {background-color: #CCC}.failedodd td,.attn {background-color: #F33}.failedeven td,.stripe .attn {background-color: #D00}.stacktrace {white-space:pre;font-family:monospace}.totop {font-size:85%;text-align:center;border-bottom:2px solid #000}.invisible {display:none}</style>
</head>
<body>
<table>
<tr><th>Test</th><th># Passed</th><th># Skipped</th><th># Retried</th><th># Failed</th><th>Time (ms)</th><th>Included Groups</th><th>Excluded Groups</th></tr>
<tr><th colspan="8">Sanity Suite</th></tr>
<tr><td><a href="#t0">LoginLogoutRegistration</a></td><td class="num">2</td><td class="num">0</td><td class="num">0</td><td class="num attn">4</td><td class="num">104,365</td><td></td><td></td></tr>
</table>
<table id='summary'><thead><tr><th>Class</th><th>Method</th><th>Start</th><th>Time (ms)</th></tr></thead><tbody><tr><th colspan="4">Sanity Suite</th></tr></tbody><tbody id="t0"><tr><th colspan="4">LoginLogoutRegistration &#8212; failed</th></tr><tr class="failedeven"><td rowspan="4">org.opencart.tests.LoginLogoutRegistration</td><td><a href="#m0">loginLogoutTest</a></td><td rowspan="3">1703520946147</td><td rowspan="3">5403</td></tr><tr class="failedeven"><td><a href="#m1">loginLogoutTest</a></td></tr><tr class="failedeven"><td><a href="#m2">loginLogoutTest</a></td></tr><tr class="failedeven"><td><a href="#m3">registrationTest</a></td><td rowspan="1">1703520988490</td><td rowspan="1">6791</td></tr><tr><th colspan="4">LoginLogoutRegistration &#8212; passed</th></tr><tr class="passedeven"><td rowspan="2">org.opencart.tests.LoginLogoutRegistration</td><td><a href="#m4">loginLogoutTest</a></td><td rowspan="1">1703520901115</td><td rowspan="1">9685</td></tr><tr class="passedeven"><td><a href="#m5">registrationTest</a></td><td rowspan="1">1703520973139</td><td rowspan="1">8781</td></tr></tbody>
</table>
<h2>LoginLogoutRegistration</h2><h3 id="m0">org.opencart.tests.LoginLogoutRegistration#loginLogoutTest</h3><table class="result"><tr class="param"><th>Parameter #1</th></tr><tr class="param stripe"><td>{firstname=, password=Testpass@123, testcase name=loginLogoutTest, browser=chrome, description=To verify whether user is able to login with email field blank, telephone=, execute=Yes, email=, lastname=}</td></tr><tr><th>Exception</th></tr><tr><td><div class="stacktrace">java.lang.AssertionError: Login unsuccessful. Please check credentials. expected [My Account] but found [Account Login]
	at org.opencart.tests.LoginLogoutRegistration.loginLogoutTest(LoginLogoutRegistration.java:19)
	at java.base/java.util.ArrayList.forEach(ArrayList.java:1511)
... Removed 30 stack frames</div></td></tr></table><p class="totop"><a href="#summary">back to summary</a></p>
<h3 id="m1">org.opencart.tests.LoginLogoutRegistration#loginLogoutTest</h3><table class="result"><tr class="param"><th>Parameter #1</th></tr><tr class="param stripe"><td>{firstname=, password=, testcase name=loginLogoutTest, browser=chrome, description=To verify whether user is able to login with password field blank, telephone=, execute=Yes, email=coderanonymous07@gmail.com, lastname=}</td></tr><tr><th>Exception</th></tr><tr><td><div class="stacktrace">java.lang.AssertionError: Login unsuccessful. Please check credentials. expected [My Account] but found [Account Login]
	at org.opencart.tests.LoginLogoutRegistration.loginLogoutTest(LoginLogoutRegistration.java:19)
	at java.base/java.util.ArrayList.forEach(ArrayList.java:1511)
... Removed 30 stack frames</div></td></tr></table><p class="totop"><a href="#summary">back to summary</a></p>
<h3 id="m2">org.opencart.tests.LoginLogoutRegistration#loginLogoutTest</h3><table class="result"><tr class="param"><th>Parameter #1</th></tr><tr class="param stripe"><td>{firstname=, password=Testpass@123, testcase name=loginLogoutTest, browser=chrome, description=To verify login logout functionality with invalid credentials, telephone=, execute=Yes, email=xyzw@gmail.com, lastname=}</td></tr><tr><th>Exception</th></tr><tr><td><div class="stacktrace">java.lang.AssertionError: Login unsuccessful. Please check credentials. expected [My Account] but found [Account Login]
	at org.opencart.tests.LoginLogoutRegistration.loginLogoutTest(LoginLogoutRegistration.java:19)
	at java.base/java.util.ArrayList.forEach(ArrayList.java:1511)
... Removed 30 stack frames</div></td></tr></table><p class="totop"><a href="#summary">back to summary</a></p>
<h3 id="m3">org.opencart.tests.LoginLogoutRegistration#registrationTest</h3><table class="result"><tr class="param"><th>Parameter #1</th></tr><tr class="param stripe"><td>{firstname=Michel, password=Testpass@123, testcase name=registrationTest, browser=chrome, description=To verify whether user is able to register without entering email field, telephone=8888888888, execute=Yes, email=, lastname=Starc}</td></tr><tr><th>Exception</th></tr><tr><td><div class="stacktrace">java.lang.AssertionError: Registration failed. expected [Your Account Has Been Created!] but found [Register Account]
	at org.opencart.pages.RegisterAccountPage.verifyRegistrationStatus(RegisterAccountPage.java:48)
	at org.opencart.tests.LoginLogoutRegistration.registrationTest(LoginLogoutRegistration.java:29)
	at java.base/java.util.ArrayList.forEach(ArrayList.java:1511)
... Removed 30 stack frames</div></td></tr></table><p class="totop"><a href="#summary">back to summary</a></p>
<h3 id="m4">org.opencart.tests.LoginLogoutRegistration#loginLogoutTest</h3><table class="result"><tr class="param"><th>Parameter #1</th></tr><tr class="param stripe"><td>{firstname=, password=Testpass@123, testcase name=loginLogoutTest, browser=chrome, description=To verify login logout functionality with valid credentials, telephone=, execute=Yes, email=coderanonymous07@gmail.com, lastname=}</td></tr></table><p class="totop"><a href="#summary">back to summary</a></p>
<h3 id="m5">org.opencart.tests.LoginLogoutRegistration#registrationTest</h3><table class="result"><tr class="param"><th>Parameter #1</th></tr><tr class="param stripe"><td>{firstname=Moshdada, password=Testpass@123, testcase name=registrationTest, browser=chrome, description=To verify registration functionality with valid testdata, telephone=6576409789, execute=Yes, email=moshdada.hamedani@example.com, lastname=Hamedani}</td></tr></table><p class="totop"><a href="#summary">back to summary</a></p>
</body>
</html>
