<?xml version="1.0" encoding="UTF-8"?>
<testng-results ignored="0" total="6" passed="2" failed="4" skipped="0">
  <reporter-output>
  </reporter-output>
  <suite started-at="2023-12-25T21:44:52 IST" name="Sanity Suite" finished-at="2023-12-25T21:46:36 IST" duration-ms="104365">
    <groups>
    </groups>
    <test started-at="2023-12-25T21:44:52 IST" name="LoginLogoutRegistration" finished-at="2023-12-25T21:46:36 IST" duration-ms="104365">
      <class name="org.opencart.tests.LoginLogoutRegistration">
        <test-method is-config="true" signature="setup([Ljava.lang.Object;)[pri:0, instance:org.opencart.tests.LoginLogoutRegistration@6adbc9d]" started-at="2023-12-25T21:44:53 IST" name="setup" finished-at="2023-12-25T21:45:01 IST" duration-ms="7452" status="PASS">
          <params>
            <param index="0">
              <value>
                <![CDATA[[Ljava.lang.Object;@5b4954b2]]>
              </value>
            </param>
          </params>
          <reporter-output>
          </reporter-output>
        </test-method> <!-- setup -->
        <test-method signature="loginLogoutTest(java.util.Map)[pri:0, instance:org.opencart.tests.LoginLogoutRegistration@6adbc9d]" started-at="2023-12-25T21:45:01 IST" name="loginLogoutTest" data-provider="dataSupplier" finished-at="2023-12-25T21:45:10 IST" duration-ms="9685" status="PASS">
          <params>
            <param index="0">
              <value>
                <![CDATA[{firstname=, password=Testpass@123, testcase name=loginLogoutTest, browser=chrome, description=To verify login logout functionality with valid credentials, telephone=, execute=Yes, email=coderanonymous07@gmail.com, lastname=}]]>
              </value>
            </param>
          </params>
          <reporter-output>
          </reporter-output>
        </test-method> <!-- loginLogoutTest -->
        <test-method is-config="true" signature="teardown()[pri:0, instance:org.opencart.tests.LoginLogoutRegistration@6adbc9d]" started-at="2023-12-25T21:45:10 IST" name="teardown" finished-at="2023-12-25T21:45:11 IST" duration-ms="279" status="PASS">
          <reporter-output>
          </reporter-output>
        </test-method> <!-- teardown -->
        <test-method is-config="true" signature="setup([Ljava.lang.Object;)[pri:0, instance:org.opencart.tests.LoginLogoutRegistration@6adbc9d]" started-at="2023-12-25T21:45:11 IST" name="setup" finished-at="2023-12-25T21:45:18 IST" duration-ms="7415" status="PASS">
          <params>
            <param index="0">
              <value>
                <![CDATA[[Ljava.lang.Object;@74eec640]]>
              </value>
            </param>
          </params>
          <reporter-output>
          </reporter-output>
        </test-method> <!-- setup -->
        <test-method signature="loginLogoutTest(java.util.Map)[pri:0, instance:org.opencart.tests.LoginLogoutRegistration@6adbc9d]" started-at="2023-12-25T21:45:18 IST" name="loginLogoutTest" data-provider="dataSupplier" finished-at="2023-12-25T21:45:38 IST" duration-ms="20172" status="FAIL">
          <params>
            <param index="0">
              <value>
                <![CDATA[{firstname=, password=Testpass@123, testcase name=loginLogoutTest, browser=chrome, description=To verify login logout functionality with invalid credentials, telephone=, execute=Yes, email=xyzw@gmail.com, lastname=}]]>
              </value>
            </param>
          </params>
          <exception class="java.lang.AssertionError">
            <message>
              <![CDATA[Login unsuccessful. Please check credentials. expected [My Account] but found [Account Login]]]>
            </message>
            <full-stacktrace>
              <![CDATA[java.lang.AssertionError: Login unsuccessful. Please check credentials. expected [My Account] but found [Account Login]
at org.testng.Assert.fail(Assert.java:111)
at org.testng.Assert.failNotEquals(Assert.java:1578)
at org.testng.Assert.assertEqualsImpl(Assert.java:150)
at org.testng.Assert.assertEquals(Assert.java:132)
at org.testng.Assert.assertEquals(Assert.java:656)
at org.opencart.tests.LoginLogoutRegistration.loginLogoutTest(LoginLogoutRegistration.java:19)
at java.base/jdk.internal.reflect.DirectMethodHandleAccessor.invoke(DirectMethodHandleAccessor.java:104)
at java.base/java.lang.reflect.Method.invoke(Method.java:578)
at org.testng.internal.invokers.MethodInvocationHelper.invokeMethod(MethodInvocationHelper.java:139)
at org.testng.internal.invokers.TestInvoker.invokeMethod(TestInvoker.java:664)
at org.testng.internal.invokers.TestInvoker.invokeTestMethod(TestInvoker.java:227)
at org.testng.internal.invokers.MethodRunner.runInSequence(MethodRunner.java:50)
at org.testng.internal.invokers.TestInvoker$MethodInvocationAgent.invoke(TestInvoker.java:957)
at org.testng.internal.invokers.TestInvoker.invokeTestMethods(TestInvoker.java:200)
at org.testng.internal.invokers.TestMethodWorker.invokeTestMethods(TestMethodWorker.java:148)
at org.testng.internal.invokers.TestMethodWorker.run(TestMethodWorker.java:128)
at java.base/java.util.ArrayList.forEach(ArrayList.java:1511)
at org.testng.TestRunner.privateRun(TestRunner.java:848)
at org.testng.TestRunner.run(TestRunner.java:621)
at org.testng.SuiteRunner.runTest(SuiteRunner.java:443)
at org.testng.SuiteRunner.runSequentially(SuiteRunner.java:437)
at org.testng.SuiteRunner.privateRun(SuiteRunner.java:397)
at org.testng.SuiteRunner.run(SuiteRunner.java:336)
at org.testng.SuiteRunnerWorker.runSuite(SuiteRunnerWorker.java:52)
at org.testng.SuiteRunnerWorker.run(SuiteRunnerWorker.java:95)
at org.testng.TestNG.runSuitesSequentially(TestNG.java:1280)
at org.testng.TestNG.runSuitesLocally(TestNG.java:1200)
at org.testng.TestNG.runSuites(TestNG.java:1114)
at org.testng.TestNG.run(TestNG.java:1082)
at org.testng.remote.AbstractRemoteTestNG.run(AbstractRemoteTestNG.java:115)
at org.testng.remote.RemoteTestNG.initAndRun(RemoteTestNG.java:251)
at org.testng.remote.RemoteTestNG.main(RemoteTestNG.java:77)
]]>
            </full-stacktrace>
          </exception> <!-- java.lang.AssertionError -->
          <reporter-output>
          </reporter-output>
        </test-method> <!-- loginLogoutTest -->
        <test-method is-config="true" signature="teardown()[pri:0, instance:org.opencart.tests.LoginLogoutRegistration@6adbc9d]" started-at="2023-12-25T21:45:39 IST" name="teardown" finished-at="2023-12-25T21:45:40 IST" duration-ms="289" status="PASS">
          <reporter-output>
          </reporter-output>
        </test-method> <!-- teardown -->
        <test-method is-config="true" signature="setup([Ljava.lang.Object;)[pri:0, instance:org.opencart.tests.LoginLogoutRegistration@6adbc9d]" started-at="2023-12-25T21:45:40 IST" name="setup" finished-at="2023-12-25T21:45:46 IST" duration-ms="5978" status="PASS">
          <params>
            <param index="0">
              <value>
                <![CDATA[[Ljava.lang.Object;@3973b6d4]]>
              </value>
            </param>
          </params>
          <reporter-output>
          </reporter-output>
        </test-method> <!-- setup -->
        <test-method signature="loginLogoutTest(java.util.Map)[pri:0, instance:org.opencart.tests.LoginLogoutRegistration@6adbc9d]" started-at="2023-12-25T21:45:46 IST" name="loginLogoutTest" data-provider="dataSupplier" finished-at="2023-12-25T21:45:51 IST" duration-ms="5403" status="FAIL">
          <params>
            <param index="0">
              <value>
                <![CDATA[{firstname=, password=Testpass@123, testcase name=loginLogoutTest, browser=chrome, description=To verify whether user is able to login with email field blank, telephone=, execute=Yes, email=, lastname=}]]>
              </value>
            </param>
          </params>
          <exception class="java.lang.AssertionError">
            <message>
              <![CDATA[Login unsuccessful. Please check credentials. expected [My Account] but found [Account Login]]]>
            </message>
            <full-stacktrace>
              <![CDATA[java.lang.AssertionError: Login unsuccessful. Please check credentials. expected [My Account] but found [Account Login]
at org.testng.Assert.fail(Assert.java:111)
at org.testng.Assert.failNotEquals(Assert.java:1578)
at org.testng.Assert.assertEqualsImpl(Assert.java:150)
at org.testng.Assert.assertEquals(Assert.java:132)
at org.testng.Assert.assertEquals(Assert.java:656)
at org.opencart.tests.LoginLogoutRegistration.loginLogoutTest(LoginLogoutRegistration.java:19)
at java.base/jdk.internal.reflect.DirectMethodHandleAccessor.invoke(DirectMethodHandleAccessor.java:104)
at java.base/java.lang.reflect.Method.invoke(Method.java:578)
at org.testng.internal.invokers.MethodInvocationHelper.invokeMethod(MethodInvocationHelper.java:139)
at org.testng.internal.invokers.TestInvoker.invokeMethod(TestInvoker.java:664)
at org.testng.internal.invokers.TestInvoker.invokeTestMethod(TestInvoker.java:227)
at org.testng.internal.invokers.MethodRunner.runInSequence(MethodRunner.java:50)
at org.testng.internal.invokers.TestInvoker$MethodInvocationAgent.invoke(TestInvoker.java:957)
at org.testng.internal.invokers.TestInvoker.invokeTestMethods(TestInvoker.java:200)
at org.testng.internal.invokers.TestMethodWorker.invokeTestMethods(TestMethodWorker.java:148)
at org.testng.internal.invokers.TestMethodWorker.run(TestMethodWorker.java:128)
at java.base/java.util.ArrayList.forEach(ArrayList.java:1511)
at org.testng.TestRunner.privateRun(TestRunner.java:848)
at org.testng.TestRunner.run(TestRunner.java:621)
at org.testng.SuiteRunner.runTest(SuiteRunner.java:443)
at org.testng.SuiteRunner.runSequentially(SuiteRunner.java:437)
at org.testng.SuiteRunner.privateRun(SuiteRunner.java:397)
at org.testng.SuiteRunner.run(SuiteRunner.java:336)
at org.testng.SuiteRunnerWorker.runSuite(SuiteRunnerWorker.java:52)
at org.testng.SuiteRunnerWorker.run(SuiteRunnerWorker.java:95)
at org.testng.TestNG.runSuitesSequentially(TestNG.java:1280)
at org.testng.TestNG.runSuitesLocally(TestNG.java:1200)
at org.testng.TestNG.runSuites(TestNG.java:1114)
at org.testng.TestNG.run(TestNG.java:1082)
at org.testng.remote.AbstractRemoteTestNG.run(AbstractRemoteTestNG.java:115)
at org.testng.remote.RemoteTestNG.initAndRun(RemoteTestNG.java:251)
at org.testng.remote.RemoteTestNG.main(RemoteTestNG.java:77)
]]>
            </full-stacktrace>
          </exception> <!-- java.lang.AssertionError -->
          <reporter-output>
          </reporter-output>
        </test-method> <!-- loginLogoutTest -->
        <test-method is-config="true" signature="teardown()[pri:0, instance:org.opencart.tests.LoginLogoutRegistration@6adbc9d]" started-at="2023-12-25T21:45:52 IST" name="teardown" finished-at="2023-12-25T21:45:52 IST" duration-ms="304" status="PASS">
          <reporter-output>
          </reporter-output>
        </test-method> <!-- teardown -->
        <test-method is-config="true" signature="setup([Ljava.lang.Object;)[pri:0, instance:org.opencart.tests.LoginLogoutRegistration@6adbc9d]" started-at="2023-12-25T21:45:52 IST" name="setup" finished-at="2023-12-25T21:45:59 IST" duration-ms="6377" status="PASS">
          <params>
            <param index="0">
              <value>
                <![CDATA[[Ljava.lang.Object;@18dd7767]]>
              </value>
            </param>
          </params>
          <reporter-output>
          </reporter-output>
        </test-method> <!-- setup -->
        <test-method signature="loginLogoutTest(java.util.Map)[pri:0, instance:org.opencart.tests.LoginLogoutRegistration@6adbc9d]" started-at="2023-12-25T21:45:59 IST" name="loginLogoutTest" data-provider="dataSupplier" finished-at="2023-12-25T21:46:04 IST" duration-ms="5586" status="FAIL">
          <params>
            <param index="0">
              <value>
                <![CDATA[{firstname=, password=, testcase name=loginLogoutTest, browser=chrome, description=To verify whether user is able to login with password field blank, telephone=, execute=Yes, email=coderanonymous07@gmail.com, lastname=}]]>
              </value>
            </param>
          </params>
          <exception class="java.lang.AssertionError">
            <message>
              <![CDATA[Login unsuccessful. Please check credentials. expected [My Account] but found [Account Login]]]>
            </message>
            <full-stacktrace>
              <![CDATA[java.lang.AssertionError: Login unsuccessful. Please check credentials. expected [My Account] but found [Account Login]
at org.testng.Assert.fail(Assert.java:111)
at org.testng.Assert.failNotEquals(Assert.java:1578)
at org.testng.Assert.assertEqualsImpl(Assert.java:150)
at org.testng.Assert.assertEquals(Assert.java:132)
at org.testng.Assert.assertEquals(Assert.java:656)
at org.opencart.tests.LoginLogoutRegistration.loginLogoutTest(LoginLogoutRegistration.java:19)
at java.base/jdk.internal.reflect.DirectMethodHandleAccessor.invoke(DirectMethodHandleAccessor.java:104)
at java.base/java.lang.reflect.Method.invoke(Method.java:578)
at org.testng.internal.invokers.MethodInvocationHelper.invokeMethod(MethodInvocationHelper.java:139)
at org.testng.internal.invokers.TestInvoker.invokeMethod(TestInvoker.java:664)
at org.testng.internal.invokers.TestInvoker.invokeTestMethod(TestInvoker.java:227)
at org.testng.internal.invokers.MethodRunner.runInSequence(MethodRunner.java:50)
at org.testng.internal.invokers.TestInvoker$MethodInvocationAgent.invoke(TestInvoker.java:957)
at org.testng.internal.invokers.TestInvoker.invokeTestMethods(TestInvoker.java:200)
at org.testng.internal.invokers.TestMethodWorker.invokeTestMethods(TestMethodWorker.java:148)
at org.testng.internal.invokers.TestMethodWorker.run(TestMethodWorker.java:128)
at java.base/java.util.ArrayList.forEach(ArrayList.java:1511)
at org.testng.TestRunner.privateRun(TestRunner.java:848)
at org.testng.TestRunner.run(TestRunner.java:621)
at org.testng.SuiteRunner.runTest(SuiteRunner.java:443)
at org.testng.SuiteRunner.runSequentially(SuiteRunner.java:437)
at org.testng.SuiteRunner.privateRun(SuiteRunner.java:397)
at org.testng.SuiteRunner.run(SuiteRunner.java:336)
at org.testng.SuiteRunnerWorker.runSuite(SuiteRunnerWorker.java:52)
at org.testng.SuiteRunnerWorker.run(SuiteRunnerWorker.java:95)
at org.testng.TestNG.runSuitesSequentially(TestNG.java:1280)
at org.testng.TestNG.runSuitesLocally(TestNG.java:1200)
at org.testng.TestNG.runSuites(TestNG.java:1114)
at org.testng.TestNG.run(TestNG.java:1082)
at org.testng.remote.AbstractRemoteTestNG.run(AbstractRemoteTestNG.java:115)
at org.testng.remote.RemoteTestNG.initAndRun(RemoteTestNG.java:251)
at org.testng.remote.RemoteTestNG.main(RemoteTestNG.java:77)
]]>
            </full-stacktrace>
          </exception> <!-- java.lang.AssertionError -->
          <reporter-output>
          </reporter-output>
        </test-method> <!-- loginLogoutTest -->
        <test-method is-config="true" signature="teardown()[pri:0, instance:org.opencart.tests.LoginLogoutRegistration@6adbc9d]" started-at="2023-12-25T21:46:05 IST" name="teardown" finished-at="2023-12-25T21:46:06 IST" duration-ms="285" status="PASS">
          <reporter-output>
          </reporter-output>
        </test-method> <!-- teardown -->
        <test-method is-config="true" signature="setup([Ljava.lang.Object;)[pri:0, instance:org.opencart.tests.LoginLogoutRegistration@6adbc9d]" started-at="2023-12-25T21:46:06 IST" name="setup" finished-at="2023-12-25T21:46:13 IST" duration-ms="6871" status="PASS">
          <params>
            <param index="0">
              <value>
                <![CDATA[[Ljava.lang.Object;@9205c0a]]>
              </value>
            </param>
          </params>
          <reporter-output>
          </reporter-output>
        </test-method> <!-- setup -->
        <test-method signature="registrationTest(java.util.Map)[pri:0, instance:org.opencart.tests.LoginLogoutRegistration@6adbc9d]" started-at="2023-12-25T21:46:13 IST" name="registrationTest" data-provider="dataSupplier" finished-at="2023-12-25T21:46:21 IST" duration-ms="8781" status="PASS">
          <params>
            <param index="0">
              <value>
                <![CDATA[{firstname=Moshdada, password=Testpass@123, testcase name=registrationTest, browser=chrome, description=To verify registration functionality with valid testdata, telephone=6576409789, execute=Yes, email=moshdada.hamedani@example.com, lastname=Hamedani}]]>
              </value>
            </param>
          </params>
          <reporter-output>
          </reporter-output>
        </test-method> <!-- registrationTest -->
        <test-method is-config="true" signature="teardown()[pri:0, instance:org.opencart.tests.LoginLogoutRegistration@6adbc9d]" started-at="2023-12-25T21:46:21 IST" name="teardown" finished-at="2023-12-25T21:46:22 IST" duration-ms="230" status="PASS">
          <reporter-output>
          </reporter-output>
        </test-method> <!-- teardown -->
        <test-method is-config="true" signature="setup([Ljava.lang.Object;)[pri:0, instance:org.opencart.tests.LoginLogoutRegistration@6adbc9d]" started-at="2023-12-25T21:46:22 IST" name="setup" finished-at="2023-12-25T21:46:28 IST" duration-ms="6337" status="PASS">
          <params>
            <param index="0">
              <value>
                <![CDATA[[Ljava.lang.Object;@bfe47a8]]>
              </value>
            </param>
          </params>
          <reporter-output>
          </reporter-output>
        </test-method> <!-- setup -->
        <test-method signature="registrationTest(java.util.Map)[pri:0, instance:org.opencart.tests.LoginLogoutRegistration@6adbc9d]" started-at="2023-12-25T21:46:28 IST" name="registrationTest" data-provider="dataSupplier" finished-at="2023-12-25T21:46:35 IST" duration-ms="6791" status="FAIL">
          <params>
            <param index="0">
              <value>
                <![CDATA[{firstname=Michel, password=Testpass@123, testcase name=registrationTest, browser=chrome, description=To verify whether user is able to register without entering email field, telephone=8888888888, execute=Yes, email=, lastname=Starc}]]>
              </value>
            </param>
          </params>
          <exception class="java.lang.AssertionError">
            <message>
              <![CDATA[Registration failed. expected [Your Account Has Been Created!] but found [Register Account]]]>
            </message>
            <full-stacktrace>
              <![CDATA[java.lang.AssertionError: Registration failed. expected [Your Account Has Been Created!] but found [Register Account]
at org.testng.Assert.fail(Assert.java:111)
at org.testng.Assert.failNotEquals(Assert.java:1578)
at org.testng.Assert.assertEqualsImpl(Assert.java:150)
at org.testng.Assert.assertEquals(Assert.java:132)
at org.testng.Assert.assertEquals(Assert.java:656)
at org.opencart.pages.RegisterAccountPage.verifyRegistrationStatus(RegisterAccountPage.java:48)
at org.opencart.tests.LoginLogoutRegistration.registrationTest(LoginLogoutRegistration.java:29)
at java.base/jdk.internal.reflect.DirectMethodHandleAccessor.invoke(DirectMethodHandleAccessor.java:104)
at java.base/java.lang.reflect.Method.invoke(Method.java:578)
at org.testng.internal.invokers.MethodInvocationHelper.invokeMethod(MethodInvocationHelper.java:139)
at org.testng.internal.invokers.TestInvoker.invokeMethod(TestInvoker.java:664)
at org.testng.internal.invokers.TestInvoker.invokeTestMethod(TestInvoker.java:227)
at org.testng.internal.invokers.MethodRunner.runInSequence(MethodRunner.java:50)
at org.testng.internal.invokers.TestInvoker$MethodInvocationAgent.invoke(TestInvoker.java:957)
at org.testng.internal.invokers.TestInvoker.invokeTestMethods(TestInvoker.java:200)
at org.testng.internal.invokers.TestMethodWorker.invokeTestMethods(TestMethodWorker.java:148)
at org.testng.internal.invokers.TestMethodWorker.run(TestMethodWorker.java:128)
at java.base/java.util.ArrayList.forEach(ArrayList.java:1511)
at org.testng.TestRunner.privateRun(TestRunner.java:848)
at org.testng.TestRunner.run(TestRunner.java:621)
at org.testng.SuiteRunner.runTest(SuiteRunner.java:443)
at org.testng.SuiteRunner.runSequentially(SuiteRunner.java:437)
at org.testng.SuiteRunner.privateRun(SuiteRunner.java:397)
at org.testng.SuiteRunner.run(SuiteRunner.java:336)
at org.testng.SuiteRunnerWorker.runSuite(SuiteRunnerWorker.java:52)
at org.testng.SuiteRunnerWorker.run(SuiteRunnerWorker.java:95)
at org.testng.TestNG.runSuitesSequentially(TestNG.java:1280)
at org.testng.TestNG.runSuitesLocally(TestNG.java:1200)
at org.testng.TestNG.runSuites(TestNG.java:1114)
at org.testng.TestNG.run(TestNG.java:1082)
at org.testng.remote.AbstractRemoteTestNG.run(AbstractRemoteTestNG.java:115)
at org.testng.remote.RemoteTestNG.initAndRun(RemoteTestNG.java:251)
at org.testng.remote.RemoteTestNG.main(RemoteTestNG.java:77)
]]>
            </full-stacktrace>
          </exception> <!-- java.lang.AssertionError -->
          <reporter-output>
          </reporter-output>
        </test-method> <!-- registrationTest -->
        <test-method is-config="true" signature="teardown()[pri:0, instance:org.opencart.tests.LoginLogoutRegistration@6adbc9d]" started-at="2023-12-25T21:46:36 IST" name="teardown" finished-at="2023-12-25T21:46:36 IST" duration-ms="271" status="PASS">
          <reporter-output>
          </reporter-output>
        </test-method> <!-- teardown -->
      </class> <!-- org.opencart.tests.LoginLogoutRegistration -->
    </test> <!-- LoginLogoutRegistration -->
  </suite> <!-- Sanity Suite -->
</testng-results>
